[INFO] 2019-04-22 12:14:28,520 : select version()
[INFO] 2019-04-22 12:14:28,520 : {}
[INFO] 2019-04-22 12:14:28,522 : select current_schema()
[INFO] 2019-04-22 12:14:28,522 : {}
[INFO] 2019-04-22 12:14:28,524 : SELECT CAST('test plain returns' AS VARCHAR(60)) AS anon_1
[INFO] 2019-04-22 12:14:28,524 : {}
[INFO] 2019-04-22 12:14:28,524 : SELECT CAST('test unicode returns' AS VARCHAR(60)) AS anon_1
[INFO] 2019-04-22 12:14:28,524 : {}
[INFO] 2019-04-22 12:14:28,525 : show standard_conforming_strings
[INFO] 2019-04-22 12:14:28,525 : {}
[INFO] 2019-04-22 12:14:28,585 : select version()
[INFO] 2019-04-22 12:14:28,585 : {}
[INFO] 2019-04-22 12:14:28,586 : select current_schema()
[INFO] 2019-04-22 12:14:28,586 : {}
[INFO] 2019-04-22 12:14:28,587 : SELECT CAST('test plain returns' AS VARCHAR(60)) AS anon_1
[INFO] 2019-04-22 12:14:28,587 : {}
[INFO] 2019-04-22 12:14:28,588 : SELECT CAST('test unicode returns' AS VARCHAR(60)) AS anon_1
[INFO] 2019-04-22 12:14:28,588 : {}
[INFO] 2019-04-22 12:14:28,589 : show standard_conforming_strings
[INFO] 2019-04-22 12:14:28,589 : {}
[INFO] 2019-04-22 12:14:28,590 : select relname from pg_class c join pg_namespace n on n.oid=c.relnamespace where pg_catalog.pg_table_is_visible(c.oid) and relname=%(name)s
[INFO] 2019-04-22 12:14:28,590 : {'name': 'user'}
[INFO] 2019-04-22 12:14:28,592 : select relname from pg_class c join pg_namespace n on n.oid=c.relnamespace where pg_catalog.pg_table_is_visible(c.oid) and relname=%(name)s
[INFO] 2019-04-22 12:14:28,592 : {'name': 'member_position'}
[INFO] 2019-04-22 12:14:28,593 : select relname from pg_class c join pg_namespace n on n.oid=c.relnamespace where pg_catalog.pg_table_is_visible(c.oid) and relname=%(name)s
[INFO] 2019-04-22 12:14:28,593 : {'name': 'member'}
[INFO] 2019-04-22 12:14:28,594 : select relname from pg_class c join pg_namespace n on n.oid=c.relnamespace where pg_catalog.pg_table_is_visible(c.oid) and relname=%(name)s
[INFO] 2019-04-22 12:14:28,594 : {'name': 'position'}
[INFO] 2019-04-22 12:14:28,601 : BEGIN (implicit)
[INFO] 2019-04-22 12:14:28,601 : SELECT "user".id AS user_id, "user".username AS user_username, "user".password AS user_password 
FROM "user" 
WHERE "user".username = %(username_1)s
[INFO] 2019-04-22 12:14:28,601 : {'username_1': 'admin'}
[INFO] 2019-04-22 12:14:28,603 : COMMIT
